<?xml version="1.0" encoding="UTF-8"?>
<!-- Generated by org.testng.reporters.JUnitReportReporter -->
<testsuite hostname="DESKTOP-2U0IG0R" failures="0" tests="1" name="Academy.ValidateBar" time="3.101" errors="0" timestamp="10 Jun 2019 20:33:12 GMT" skipped="0">
  <testcase classname="Academy.ValidateBar" name="basePageNavigation" time="3.101"/>
</testsuite> <!-- Academy.ValidateBar -->
