<?xml version="1.0" encoding="UTF-8"?>
<!-- Generated by org.testng.reporters.JUnitReportReporter -->
<testsuite hostname="DESKTOP-2U0IG0R" failures="0" tests="2" name="Academy.HomePage" time="24.836" errors="0" timestamp="10 Jun 2019 20:33:12 GMT" skipped="0">
  <testcase classname="Academy.HomePage" name="basePageNavigation" time="9.262"/>
  <testcase classname="Academy.HomePage" name="basePageNavigation" time="15.574"/>
</testsuite> <!-- Academy.HomePage -->
